This is pdfTeX, Version 3.14159265-2.6-1.40.20 (TeX Live 2019) (preloaded format=pdflatex 2019.12.4)  5 DEC 2019 10:59
entering extended mode
 restricted \write18 enabled.
 %&-line parsing enabled.
**hst.tex
(./hst.tex
LaTeX2e <2018-12-01>
(/usr/local/texlive/2019/texmf-dist/tex/latex/base/article.cls
Document Class: article 2018/09/03 v1.4i Standard LaTeX document class
(/usr/local/texlive/2019/texmf-dist/tex/latex/base/size12.clo
File: size12.clo 2018/09/03 v1.4i Standard LaTeX file (size option)
)
\c@part=\count80
\c@section=\count81
\c@subsection=\count82
\c@subsubsection=\count83
\c@paragraph=\count84
\c@subparagraph=\count85
\c@figure=\count86
\c@table=\count87
\abovecaptionskip=\skip41
\belowcaptionskip=\skip42
\bibindent=\dimen102
)
(/usr/local/texlive/2019/texmf-dist/tex/latex/amscls/amsthm.sty
Package: amsthm 2017/10/31 v2.20.4
\thm@style=\toks14
\thm@bodyfont=\toks15
\thm@headfont=\toks16
\thm@notefont=\toks17
\thm@headpunct=\toks18
\thm@preskip=\skip43
\thm@postskip=\skip44
\thm@headsep=\skip45
\dth@everypar=\toks19
)
\c@dfn=\count88
\c@thm=\count89
\c@ex=\count90
\c@cmt=\count91
\c@rmk=\count92
\c@promise=\count93

(/usr/local/texlive/2019/texmf-dist/tex/latex/amsmath/amsmath.sty
Package: amsmath 2018/12/01 v2.17b AMS math features
\@mathmargin=\skip46

For additional information on amsmath, use the `?' option.
(/usr/local/texlive/2019/texmf-dist/tex/latex/amsmath/amstext.sty
Package: amstext 2000/06/29 v2.01 AMS text

(/usr/local/texlive/2019/texmf-dist/tex/latex/amsmath/amsgen.sty
File: amsgen.sty 1999/11/30 v2.0 generic functions
\@emptytoks=\toks20
\ex@=\dimen103
))
(/usr/local/texlive/2019/texmf-dist/tex/latex/amsmath/amsbsy.sty
Package: amsbsy 1999/11/29 v1.2d Bold Symbols
\pmbraise@=\dimen104
)
(/usr/local/texlive/2019/texmf-dist/tex/latex/amsmath/amsopn.sty
Package: amsopn 2016/03/08 v2.02 operator names
)
\inf@bad=\count94
LaTeX Info: Redefining \frac on input line 223.
\uproot@=\count95
\leftroot@=\count96
LaTeX Info: Redefining \overline on input line 385.
\classnum@=\count97
\DOTSCASE@=\count98
LaTeX Info: Redefining \ldots on input line 482.
LaTeX Info: Redefining \dots on input line 485.
LaTeX Info: Redefining \cdots on input line 606.
\Mathstrutbox@=\box27
\strutbox@=\box28
\big@size=\dimen105
LaTeX Font Info:    Redeclaring font encoding OML on input line 729.
LaTeX Font Info:    Redeclaring font encoding OMS on input line 730.
\macc@depth=\count99
\c@MaxMatrixCols=\count100
\dotsspace@=\muskip10
\c@parentequation=\count101
\dspbrk@lvl=\count102
\tag@help=\toks21
\row@=\count103
\column@=\count104
\maxfields@=\count105
\andhelp@=\toks22
\eqnshift@=\dimen106
\alignsep@=\dimen107
\tagshift@=\dimen108
\tagwidth@=\dimen109
\totwidth@=\dimen110
\lineht@=\dimen111
\@envbody=\toks23
\multlinegap=\skip47
\multlinetaggap=\skip48
\mathdisplay@stack=\toks24
LaTeX Info: Redefining \[ on input line 2844.
LaTeX Info: Redefining \] on input line 2845.
)
(/usr/local/texlive/2019/texmf-dist/tex/latex/amsfonts/amsfonts.sty
Package: amsfonts 2013/01/14 v3.01 Basic AMSFonts support
\symAMSa=\mathgroup4
\symAMSb=\mathgroup5
LaTeX Font Info:    Overwriting math alphabet `\mathfrak' in version `bold'
(Font)                  U/euf/m/n --> U/euf/b/n on input line 106.
)
(/usr/local/texlive/2019/texmf-dist/tex/latex/tools/enumerate.sty
Package: enumerate 2015/07/23 v3.00 enumerate extensions (DPC)
\@enLab=\toks25
)
(/usr/local/texlive/2019/texmf-dist/tex/latex/cite/cite.sty
LaTeX Info: Redefining \cite on input line 302.
LaTeX Info: Redefining \nocite on input line 332.
Package: cite 2015/02/27  v 5.5
)
(/usr/local/texlive/2019/texmf-dist/tex/latex/graphics/graphics.sty
Package: graphics 2017/06/25 v1.2c Standard LaTeX Graphics (DPC,SPQR)

(/usr/local/texlive/2019/texmf-dist/tex/latex/graphics/trig.sty
Package: trig 2016/01/03 v1.10 sin cos tan (DPC)
)
(/usr/local/texlive/2019/texmf-dist/tex/latex/graphics-cfg/graphics.cfg
File: graphics.cfg 2016/06/04 v1.11 sample graphics configuration
)
Package graphics Info: Driver file: pdftex.def on input line 99.

(/usr/local/texlive/2019/texmf-dist/tex/latex/graphics-def/pdftex.def
File: pdftex.def 2018/01/08 v1.0l Graphics/color driver for pdftex
))
(/usr/local/texlive/2019/texmf-dist/tex/latex/graphics/graphicx.sty
Package: graphicx 2017/06/01 v1.1a Enhanced LaTeX Graphics (DPC,SPQR)

(/usr/local/texlive/2019/texmf-dist/tex/latex/graphics/keyval.sty
Package: keyval 2014/10/28 v1.15 key=value parser (DPC)
\KV@toks@=\toks26
)
\Gin@req@height=\dimen112
\Gin@req@width=\dimen113
)
(/usr/local/texlive/2019/texmf-dist/tex/latex/graphics/lscape.sty
Package: lscape 2000/10/22 v3.01 Landscape Pages (DPC)
)
(/usr/local/texlive/2019/texmf-dist/tex/latex/subfig/subfig.sty
Package: subfig 2005/06/28 ver: 1.3 subfig package

(/usr/local/texlive/2019/texmf-dist/tex/latex/caption/caption.sty
Package: caption 2018/10/06 v3.3-154 Customizing captions (AR)

(/usr/local/texlive/2019/texmf-dist/tex/latex/caption/caption3.sty
Package: caption3 2018/09/12 v1.8c caption3 kernel (AR)
Package caption3 Info: TeX engine: e-TeX on input line 64.
\captionmargin=\dimen114
\captionmargin@=\dimen115
\captionwidth=\dimen116
\caption@tempdima=\dimen117
\caption@indent=\dimen118
\caption@parindent=\dimen119
\caption@hangindent=\dimen120
)
\c@caption@flags=\count106
\c@ContinuedFloat=\count107
)
\c@KVtest=\count108
\sf@farskip=\skip49
\sf@captopadj=\dimen121
\sf@capskip=\skip50
\sf@nearskip=\skip51
\c@subfigure=\count109
\c@subfigure@save=\count110
\c@lofdepth=\count111
\c@subtable=\count112
\c@subtable@save=\count113
\c@lotdepth=\count114
\sf@top=\skip52
\sf@bottom=\skip53
)
(/usr/local/texlive/2019/texmf-dist/tex/latex/tools/indentfirst.sty
Package: indentfirst 1995/11/23 v1.03 Indent first paragraph (DPC)
)
(/usr/local/texlive/2019/texmf-dist/tex/latex/xcolor/xcolor.sty
Package: xcolor 2016/05/11 v2.12 LaTeX color extensions (UK)

(/usr/local/texlive/2019/texmf-dist/tex/latex/graphics-cfg/color.cfg
File: color.cfg 2016/01/02 v1.6 sample color configuration
)
Package xcolor Info: Driver file: pdftex.def on input line 225.
Package xcolor Info: Model `cmy' substituted by `cmy0' on input line 1348.
Package xcolor Info: Model `hsb' substituted by `rgb' on input line 1352.
Package xcolor Info: Model `RGB' extended on input line 1364.
Package xcolor Info: Model `HTML' substituted by `rgb' on input line 1366.
Package xcolor Info: Model `Hsb' substituted by `hsb' on input line 1367.
Package xcolor Info: Model `tHsb' substituted by `hsb' on input line 1368.
Package xcolor Info: Model `HSB' substituted by `hsb' on input line 1369.
Package xcolor Info: Model `Gray' substituted by `gray' on input line 1370.
Package xcolor Info: Model `wave' substituted by `hsb' on input line 1371.
)
(/usr/local/texlive/2019/texmf-dist/tex/latex/url/url.sty
\Urlmuskip=\muskip11
Package: url 2013/09/16  ver 3.4  Verb mode for urls, etc.
)
(/usr/local/texlive/2019/texmf-dist/tex/latex/amsfonts/amssymb.sty
Package: amssymb 2013/01/14 v3.01 AMS font symbols
)

LaTeX Warning: Unused global option(s):
    [preprint,review].

(./hst.aux)
\openout1 = `hst.aux'.

LaTeX Font Info:    Checking defaults for OML/cmm/m/it on input line 87.
LaTeX Font Info:    ... okay on input line 87.
LaTeX Font Info:    Checking defaults for T1/cmr/m/n on input line 87.
LaTeX Font Info:    ... okay on input line 87.
LaTeX Font Info:    Checking defaults for OT1/cmr/m/n on input line 87.
LaTeX Font Info:    ... okay on input line 87.
LaTeX Font Info:    Checking defaults for OMS/cmsy/m/n on input line 87.
LaTeX Font Info:    ... okay on input line 87.
LaTeX Font Info:    Checking defaults for OMX/cmex/m/n on input line 87.
LaTeX Font Info:    ... okay on input line 87.
LaTeX Font Info:    Checking defaults for U/cmr/m/n on input line 87.
LaTeX Font Info:    ... okay on input line 87.

(/usr/local/texlive/2019/texmf-dist/tex/context/base/mkii/supp-pdf.mkii
[Loading MPS to PDF converter (version 2006.09.02).]
\scratchcounter=\count115
\scratchdimen=\dimen122
\scratchbox=\box29
\nofMPsegments=\count116
\nofMParguments=\count117
\everyMPshowfont=\toks27
\MPscratchCnt=\count118
\MPscratchDim=\dimen123
\MPnumerator=\count119
\makeMPintoPDFobject=\count120
\everyMPtoPDFconversion=\toks28
) (/usr/local/texlive/2019/texmf-dist/tex/latex/oberdiek/epstopdf-base.sty
Package: epstopdf-base 2016/05/15 v2.6 Base part for package epstopdf

(/usr/local/texlive/2019/texmf-dist/tex/generic/oberdiek/infwarerr.sty
Package: infwarerr 2016/05/16 v1.4 Providing info/warning/error messages (HO)
)
(/usr/local/texlive/2019/texmf-dist/tex/latex/oberdiek/grfext.sty
Package: grfext 2016/05/16 v1.2 Manage graphics extensions (HO)

(/usr/local/texlive/2019/texmf-dist/tex/generic/oberdiek/kvdefinekeys.sty
Package: kvdefinekeys 2016/05/16 v1.4 Define keys (HO)

(/usr/local/texlive/2019/texmf-dist/tex/generic/oberdiek/ltxcmds.sty
Package: ltxcmds 2016/05/16 v1.23 LaTeX kernel commands for general use (HO)
)))
(/usr/local/texlive/2019/texmf-dist/tex/latex/oberdiek/kvoptions.sty
Package: kvoptions 2016/05/16 v3.12 Key value format for package options (HO)

(/usr/local/texlive/2019/texmf-dist/tex/generic/oberdiek/kvsetkeys.sty
Package: kvsetkeys 2016/05/16 v1.17 Key value parser (HO)

(/usr/local/texlive/2019/texmf-dist/tex/generic/oberdiek/etexcmds.sty
Package: etexcmds 2016/05/16 v1.6 Avoid name clashes with e-TeX commands (HO)

(/usr/local/texlive/2019/texmf-dist/tex/generic/oberdiek/ifluatex.sty
Package: ifluatex 2016/05/16 v1.4 Provides the ifluatex switch (HO)
Package ifluatex Info: LuaTeX not detected.
))))
(/usr/local/texlive/2019/texmf-dist/tex/generic/oberdiek/pdftexcmds.sty
Package: pdftexcmds 2018/09/10 v0.29 Utility functions of pdfTeX for LuaTeX (HO
)

(/usr/local/texlive/2019/texmf-dist/tex/generic/oberdiek/ifpdf.sty
Package: ifpdf 2018/09/07 v3.3 Provides the ifpdf switch
)
Package pdftexcmds Info: LuaTeX not detected.
Package pdftexcmds Info: \pdf@primitive is available.
Package pdftexcmds Info: \pdf@ifprimitive is available.
Package pdftexcmds Info: \pdfdraftmode found.
)
Package epstopdf-base Info: Redefining graphics rule for `.eps' on input line 4
38.
Package grfext Info: Graphics extension search list:
(grfext)             [.pdf,.png,.jpg,.mps,.jpeg,.jbig2,.jb2,.PDF,.PNG,.JPG,.JPE
G,.JBIG2,.JB2,.eps]
(grfext)             \AppendGraphicsExtensions on input line 456.

(/usr/local/texlive/2019/texmf-dist/tex/latex/latexconfig/epstopdf-sys.cfg
File: epstopdf-sys.cfg 2010/07/13 v1.3 Configuration of (r)epstopdf for TeX Liv
e
))
Package caption Info: Begin \AtBeginDocument code.
Package caption Info: subfig package v1.3 is loaded.
Package caption Info: End \AtBeginDocument code.
LaTeX Font Info:    Try loading font information for U+msa on input line 89.

(/usr/local/texlive/2019/texmf-dist/tex/latex/amsfonts/umsa.fd
File: umsa.fd 2013/01/14 v3.01 AMS symbols A
)
LaTeX Font Info:    Try loading font information for U+msb on input line 89.

(/usr/local/texlive/2019/texmf-dist/tex/latex/amsfonts/umsb.fd
File: umsb.fd 2013/01/14 v3.01 AMS symbols B
) [1

{/usr/local/texlive/2019/texmf-var/fonts/map/pdftex/updmap/pdftex.map}] [1] [2]
<Fig/Fig1.png, id=22, 769.87625pt x 425.59pt>
File: Fig/Fig1.png Graphic file (type png)
<use Fig/Fig1.png>
Package pdftex.def Info: Fig/Fig1.png  used on input line 117.
(pdftex.def)             Requested size: 390.0pt x 215.59985pt.
 [3 <./Fig/Fig1.png>] [4]
<Fig/Fig2.pdf, id=31, 542.025pt x 650.43pt>
File: Fig/Fig2.pdf Graphic file (type pdf)
<use Fig/Fig2.pdf>
Package pdftex.def Info: Fig/Fig2.pdf  used on input line 146.
(pdftex.def)             Requested size: 390.0pt x 468.01149pt.
 [5] [6 <./Fig/Fig2.pdf>] [7]
LaTeX Font Info:    Try loading font information for OMS+cmr on input line 177.


(/usr/local/texlive/2019/texmf-dist/tex/latex/base/omscmr.fd
File: omscmr.fd 2014/09/29 v2.5h Standard LaTeX font definitions
)
LaTeX Font Info:    Font shape `OMS/cmr/m/n' in size <12> not available
(Font)              Font shape `OMS/cmsy/m/n' tried instead on input line 177.
 [8]
Overfull \hbox (21.80104pt too wide) detected at line 192
\OML/cmm/m/it/12 v[] \OT1/cmr/m/n/12 = []
 []

[9] [10]
Overfull \hbox (22.90445pt too wide) in paragraph at lines 301--303
\OT1/cmr/bx/n/12 Example 4.1\OT1/cmr/m/n/12 : Con-sider fol-low-ing Gaus-sian p
ro-cess $\OMS/cmsy/m/n/12 f\OML/cmm/m/it/12 X[]\OMS/cmsy/m/n/12 g$ \OT1/cmr/m/n
/12 gen-er-ated by $\OML/cmm/m/it/12 N\OT1/cmr/m/n/12 (\OML/cmm/m/it/12 ^^V[]; 
\OT1/cmr/m/n/12 0\OML/cmm/m/it/12 :\OT1/cmr/m/n/12 5)$,
 []


LaTeX Font Warning: Command \footnotesize invalid in math mode on input line 30
4.

[11]
<Fig/snow_ex1_fig1.pdf, id=70, 693.59125pt x 441.65pt>
File: Fig/snow_ex1_fig1.pdf Graphic file (type pdf)
<use Fig/snow_ex1_fig1.pdf>
Package pdftex.def Info: Fig/snow_ex1_fig1.pdf  used on input line 316.
(pdftex.def)             Requested size: 390.0pt x 248.3399pt.


LaTeX Warning: Reference `snow:ex1_2' on page 12 undefined on input line 335.

[12 <./Fig/snow_ex1_fig1.pdf>]

LaTeX Warning: Reference `snow:ex1_2' on page 13 undefined on input line 337.


LaTeX Warning: Reference `snow:ex1_2' on page 13 undefined on input line 349.

[13] [14]
<Fig/snow_ex2_fig1.pdf, id=88, 708.6475pt x 367.3725pt>
File: Fig/snow_ex2_fig1.pdf Graphic file (type pdf)
<use Fig/snow_ex2_fig1.pdf>
Package pdftex.def Info: Fig/snow_ex2_fig1.pdf  used on input line 364.
(pdftex.def)             Requested size: 390.0pt x 202.18442pt.
 [15] [16 <./Fig/snow_ex2_fig1.pdf>]
<Fig/snow_ex2_fig2.pdf, id=101, 708.6475pt x 367.3725pt>
File: Fig/snow_ex2_fig2.pdf Graphic file (type pdf)
<use Fig/snow_ex2_fig2.pdf>
Package pdftex.def Info: Fig/snow_ex2_fig2.pdf  used on input line 387.
(pdftex.def)             Requested size: 390.0pt x 202.18442pt.


! Package inputenc Error: Unicode character ì—° (U+C5F0)
(inputenc)                not set up for use with LaTeX.

See the inputenc package documentation for explanation.
Type  H <return>  for immediate help.
 ...                                              
                                                  
l.399 Leskovec (2009) : ì—°
                           êµ¬ê·¸ë£¹ë“¤ì„ ë„¤íŠ¸ì›Œí¬í™”í•´ì„œ ì¤‘ì‹¬ì—°êµ...

You may provide a definition with
\DeclareUnicodeCharacter 


! Package inputenc Error: Unicode character êµ¬ (U+AD6C)
(inputenc)                not set up for use with LaTeX.

See the inputenc package documentation for explanation.
Type  H <return>  for immediate help.
 ...                                              
                                                  
l.399 Leskovec (2009) : ì—°êµ¬
                              ê·¸ë£¹ë“¤ì„ ë„¤íŠ¸ì›Œí¬í™”í•´ì„œ ì¤‘ì‹¬ì—°êµ...

You may provide a definition with
\DeclareUnicodeCharacter 


! Package inputenc Error: Unicode character ê·¸ (U+ADF8)
(inputenc)                not set up for use with LaTeX.

See the inputenc package documentation for explanation.
Type  H <return>  for immediate help.
 ...                                              
                                                  
l.399 Leskovec (2009) : ì—°êµ¬ê·¸
                                 ë£¹ë“¤ì„ ë„¤íŠ¸ì›Œí¬í™”í•´ì„œ ì¤‘ì‹¬ì—°êµ...

You may provide a definition with
\DeclareUnicodeCharacter 


! Package inputenc Error: Unicode character ë£¹ (U+B8F9)
(inputenc)                not set up for use with LaTeX.

See the inputenc package documentation for explanation.
Type  H <return>  for immediate help.
 ...                                              
                                                  
l.399 Leskovec (2009) : ì—°êµ¬ê·¸ë£¹
                                    ë“¤ì„ ë„¤íŠ¸ì›Œí¬í™”í•´ì„œ ì¤‘ì‹¬ì—°êµ...

You may provide a definition with
\DeclareUnicodeCharacter 


! Package inputenc Error: Unicode character ë“¤ (U+B4E4)
(inputenc)                not set up for use with LaTeX.

See the inputenc package documentation for explanation.
Type  H <return>  for immediate help.
 ...                                              
                                                  
l.399 Leskovec (2009) : ì—°êµ¬ê·¸ë£¹ë“¤
                                       ì„ ë„¤íŠ¸ì›Œí¬í™”í•´ì„œ ì¤‘ì‹¬ì—°êµ...

You may provide a definition with
\DeclareUnicodeCharacter 


! Package inputenc Error: Unicode character ì„ (U+C744)
(inputenc)                not set up for use with LaTeX.

See the inputenc package documentation for explanation.
Type  H <return>  for immediate help.
 ...                                              
                                                  
l.399 Leskovec (2009) : ì—°êµ¬ê·¸ë£¹ë“¤ì„
                                           ë„¤íŠ¸ì›Œí¬í™”í•´ì„œ ì¤‘ì‹¬ì—°êµ...

You may provide a definition with
\DeclareUnicodeCharacter 


! Package inputenc Error: Unicode character ë„¤ (U+B124)
(inputenc)                not set up for use with LaTeX.

See the inputenc package documentation for explanation.
Type  H <return>  for immediate help.
 ...                                              
                                                  
l.399 Leskovec (2009) : ì—°êµ¬ê·¸ë£¹ë“¤ì„ ë„¤
                                              íŠ¸ì›Œí¬í™”í•´ì„œ ì¤‘ì‹¬ì—°êµ...

You may provide a definition with
\DeclareUnicodeCharacter 


! Package inputenc Error: Unicode character íŠ¸ (U+D2B8)
(inputenc)                not set up for use with LaTeX.

See the inputenc package documentation for explanation.
Type  H <return>  for immediate help.
 ...                                              
                                                  
l.399 Leskovec (2009) : ì—°êµ¬ê·¸ë£¹ë“¤ì„ ë„¤íŠ¸
                                                 ì›Œí¬í™”í•´ì„œ ì¤‘ì‹¬ì—°êµ...

You may provide a definition with
\DeclareUnicodeCharacter 


! Package inputenc Error: Unicode character ì›Œ (U+C6CC)
(inputenc)                not set up for use with LaTeX.

See the inputenc package documentation for explanation.
Type  H <return>  for immediate help.
 ...                                              
                                                  
l.399 ...vec (2009) : ì—°êµ¬ê·¸ë£¹ë“¤ì„ ë„¤íŠ¸ì›Œ
                                                  í¬í™”í•´ì„œ ì¤‘ì‹¬ì—°êµ¬ê...

You may provide a definition with
\DeclareUnicodeCharacter 


! Package inputenc Error: Unicode character í¬ (U+D06C)
(inputenc)                not set up for use with LaTeX.

See the inputenc package documentation for explanation.
Type  H <return>  for immediate help.
 ...                                              
                                                  
l.399 ... (2009) : ì—°êµ¬ê·¸ë£¹ë“¤ì„ ë„¤íŠ¸ì›Œí¬
                                                  í™”í•´ì„œ ì¤‘ì‹¬ì—°êµ¬ê·¸ë...

You may provide a definition with
\DeclareUnicodeCharacter 


! Package inputenc Error: Unicode character í™” (U+D654)
(inputenc)                not set up for use with LaTeX.

See the inputenc package documentation for explanation.
Type  H <return>  for immediate help.
 ...                                              
                                                  
l.399 ...009) : ì—°êµ¬ê·¸ë£¹ë“¤ì„ ë„¤íŠ¸ì›Œí¬í™”
                                                  í•´ì„œ ì¤‘ì‹¬ì—°êµ¬ê·¸ë£¹(...

You may provide a definition with
\DeclareUnicodeCharacter 


! Package inputenc Error: Unicode character í•´ (U+D574)
(inputenc)                not set up for use with LaTeX.

See the inputenc package documentation for explanation.
Type  H <return>  for immediate help.
 ...                                              
                                                  
l.399 ...) : ì—°êµ¬ê·¸ë£¹ë“¤ì„ ë„¤íŠ¸ì›Œí¬í™”í•´
                                                  ì„œ ì¤‘ì‹¬ì—°êµ¬ê·¸ë£¹(?)ì...

You may provide a definition with
\DeclareUnicodeCharacter 


! Package inputenc Error: Unicode character ì„œ (U+C11C)
(inputenc)                not set up for use with LaTeX.

See the inputenc package documentation for explanation.
Type  H <return>  for immediate help.
 ...                                              
                                                  
l.399 ... ì—°êµ¬ê·¸ë£¹ë“¤ì„ ë„¤íŠ¸ì›Œí¬í™”í•´ì„œ
                                                   ì¤‘ì‹¬ì—°êµ¬ê·¸ë£¹(?)ì„ ...

You may provide a definition with
\DeclareUnicodeCharacter 


! Package inputenc Error: Unicode character ì¤‘ (U+C911)
(inputenc)                not set up for use with LaTeX.

See the inputenc package documentation for explanation.
Type  H <return>  for immediate help.
 ...                                              
                                                  
l.399 ...êµ¬ê·¸ë£¹ë“¤ì„ ë„¤íŠ¸ì›Œí¬í™”í•´ì„œ ì¤‘
                                                  ì‹¬ì—°êµ¬ê·¸ë£¹(?)ì„ ì°¾ì...

You may provide a definition with
\DeclareUnicodeCharacter 


! Package inputenc Error: Unicode character ì‹¬ (U+C2EC)
(inputenc)                not set up for use with LaTeX.

See the inputenc package documentation for explanation.
Type  H <return>  for immediate help.
 ...                                              
                                                  
l.399 ...ê·¸ë£¹ë“¤ì„ ë„¤íŠ¸ì›Œí¬í™”í•´ì„œ ì¤‘ì‹¬
                                                  ì—°êµ¬ê·¸ë£¹(?)ì„ ì°¾ì•˜ìŒ.

You may provide a definition with
\DeclareUnicodeCharacter 


! Package inputenc Error: Unicode character ì—° (U+C5F0)
(inputenc)                not set up for use with LaTeX.

See the inputenc package documentation for explanation.
Type  H <return>  for immediate help.
 ...                                              
                                                  
l.399 ...ë£¹ë“¤ì„ ë„¤íŠ¸ì›Œí¬í™”í•´ì„œ ì¤‘ì‹¬ì—°
                                                  êµ¬ê·¸ë£¹(?)ì„ ì°¾ì•˜ìŒ.
You may provide a definition with
\DeclareUnicodeCharacter 


! Package inputenc Error: Unicode character êµ¬ (U+AD6C)
(inputenc)                not set up for use with LaTeX.

See the inputenc package documentation for explanation.
Type  H <return>  for immediate help.
 ...                                              
                                                  
l.399 ...ë“¤ì„ ë„¤íŠ¸ì›Œí¬í™”í•´ì„œ ì¤‘ì‹¬ì—°êµ¬
                                                  ê·¸ë£¹(?)ì„ ì°¾ì•˜ìŒ.
You may provide a definition with
\DeclareUnicodeCharacter 


! Package inputenc Error: Unicode character ê·¸ (U+ADF8)
(inputenc)                not set up for use with LaTeX.

See the inputenc package documentation for explanation.
Type  H <return>  for immediate help.
 ...                                              
                                                  
l.399 ...ì„ ë„¤íŠ¸ì›Œí¬í™”í•´ì„œ ì¤‘ì‹¬ì—°êµ¬ê·¸
                                                  ë£¹(?)ì„ ì°¾ì•˜ìŒ.
You may provide a definition with
\DeclareUnicodeCharacter 


! Package inputenc Error: Unicode character ë£¹ (U+B8F9)
(inputenc)                not set up for use with LaTeX.

See the inputenc package documentation for explanation.
Type  H <return>  for immediate help.
 ...                                              
                                                  
l.399 ... ë„¤íŠ¸ì›Œí¬í™”í•´ì„œ ì¤‘ì‹¬ì—°êµ¬ê·¸ë£¹
                                                  (?)ì„ ì°¾ì•˜ìŒ.
You may provide a definition with
\DeclareUnicodeCharacter 


! Package inputenc Error: Unicode character ì„ (U+C744)
(inputenc)                not set up for use with LaTeX.

See the inputenc package documentation for explanation.
Type  H <return>  for immediate help.
 ...                                              
                                                  
l.399 ...¸ì›Œí¬í™”í•´ì„œ ì¤‘ì‹¬ì—°êµ¬ê·¸ë£¹(?)ì„
                                                   ì°¾ì•˜ìŒ.
You may provide a definition with
\DeclareUnicodeCharacter 


! Package inputenc Error: Unicode character ì°¾ (U+CC3E)
(inputenc)                not set up for use with LaTeX.

See the inputenc package documentation for explanation.
Type  H <return>  for immediate help.
 ...                                              
                                                  
l.399 ...í¬í™”í•´ì„œ ì¤‘ì‹¬ì—°êµ¬ê·¸ë£¹(?)ì„ ì°¾
                                                  ì•˜ìŒ.
You may provide a definition with
\DeclareUnicodeCharacter 


! Package inputenc Error: Unicode character ì•˜ (U+C558)
(inputenc)                not set up for use with LaTeX.

See the inputenc package documentation for explanation.
Type  H <return>  for immediate help.
 ...                                              
                                                  
l.399 ...í™”í•´ì„œ ì¤‘ì‹¬ì—°êµ¬ê·¸ë£¹(?)ì„ ì°¾ì•˜
                                                  ìŒ.
You may provide a definition with
\DeclareUnicodeCharacter 


! Package inputenc Error: Unicode character ìŒ (U+C74C)
(inputenc)                not set up for use with LaTeX.

See the inputenc package documentation for explanation.
Type  H <return>  for immediate help.
 ...                                              
                                                  
l.399 ...í•´ì„œ ì¤‘ì‹¬ì—°êµ¬ê·¸ë£¹(?)ì„ ì°¾ì•˜ìŒ
                                                  .
You may provide a definition with
\DeclareUnicodeCharacter 

[17 <./Fig/snow_ex2_fig2.pdf>]
<Fig/In_data.pdf, id=111, 867.24pt x 542.025pt>
File: Fig/In_data.pdf Graphic file (type pdf)
<use Fig/In_data.pdf>
Package pdftex.def Info: Fig/In_data.pdf  used on input line 428.
(pdftex.def)             Requested size: 409.50119pt x 255.94275pt.

Overfull \hbox (19.50119pt too wide) in paragraph at lines 428--430
 [][] 
 []

<Fig/data_str.png, id=112, 1036.87375pt x 575.14874pt>
File: Fig/data_str.png Graphic file (type png)
<use Fig/data_str.png>
Package pdftex.def Info: Fig/data_str.png  used on input line 439.
(pdftex.def)             Requested size: 390.0pt x 216.32967pt.
[18] [19 <./Fig/In_data.pdf> <./Fig/data_str.png (PNG copy)>] [20]
<Fig/In_scale_1.pdf, id=128, 867.24pt x 542.025pt>
File: Fig/In_scale_1.pdf Graphic file (type pdf)
<use Fig/In_scale_1.pdf>
Package pdftex.def Info: Fig/In_scale_1.pdf  used on input line 517.
(pdftex.def)             Requested size: 409.50119pt x 255.94275pt.

Overfull \hbox (19.50119pt too wide) in paragraph at lines 517--519
 [][] 
 []

<Fig/In_scale_2.pdf, id=129, 867.24pt x 542.025pt>
File: Fig/In_scale_2.pdf Graphic file (type pdf)
<use Fig/In_scale_2.pdf>
Package pdftex.def Info: Fig/In_scale_2.pdf  used on input line 527.
(pdftex.def)             Requested size: 409.50119pt x 255.94275pt.

Overfull \hbox (19.50119pt too wide) in paragraph at lines 527--529
 [][] 
 []

<Fig/In_scale_3.pdf, id=130, 867.24pt x 542.025pt>
File: Fig/In_scale_3.pdf Graphic file (type pdf)
<use Fig/In_scale_3.pdf>
Package pdftex.def Info: Fig/In_scale_3.pdf  used on input line 537.
(pdftex.def)             Requested size: 409.50119pt x 255.94275pt.

Overfull \hbox (19.50119pt too wide) in paragraph at lines 537--539
 [][] 
 []

<Fig/In_scale_4.pdf, id=131, 867.24pt x 542.025pt>
File: Fig/In_scale_4.pdf Graphic file (type pdf)
<use Fig/In_scale_4.pdf>
Package pdftex.def Info: Fig/In_scale_4.pdf  used on input line 547.
(pdftex.def)             Requested size: 409.50119pt x 255.94275pt.

Overfull \hbox (19.50119pt too wide) in paragraph at lines 547--549
 [][] 
 []

<Fig/In_scale_5.pdf, id=132, 867.24pt x 542.025pt>
File: Fig/In_scale_5.pdf Graphic file (type pdf)
<use Fig/In_scale_5.pdf>
Package pdftex.def Info: Fig/In_scale_5.pdf  used on input line 557.
(pdftex.def)             Requested size: 409.50119pt x 255.94275pt.

Overfull \hbox (19.50119pt too wide) in paragraph at lines 557--559
 [][] 
 []

<Fig/In_scale_6.pdf, id=133, 867.24pt x 542.025pt>
File: Fig/In_scale_6.pdf Graphic file (type pdf)
<use Fig/In_scale_6.pdf>
Package pdftex.def Info: Fig/In_scale_6.pdf  used on input line 567.
(pdftex.def)             Requested size: 409.50119pt x 255.94275pt.

Overfull \hbox (19.50119pt too wide) in paragraph at lines 567--569
 [][] 
 []


! Package inputenc Error: Unicode character ì—¬ (U+C5EC)
(inputenc)                not set up for use with LaTeX.

See the inputenc package documentation for explanation.
Type  H <return>  for immediate help.
 ...                                              
                                                  
l.578 - ì—¬
           ê¸°ì—ì„œëŠ” í—´í êµì¬ P.316 ì˜ ë‚´ìš©ì„ ì°¸ê³ í•˜ì˜€ë‹¤. ì„...

You may provide a definition with
\DeclareUnicodeCharacter 


! Package inputenc Error: Unicode character ê¸° (U+AE30)
(inputenc)                not set up for use with LaTeX.

See the inputenc package documentation for explanation.
Type  H <return>  for immediate help.
 ...                                              
                                                  
l.578 - ì—¬ê¸°
              ì—ì„œëŠ” í—´í êµì¬ P.316 ì˜ ë‚´ìš©ì„ ì°¸ê³ í•˜ì˜€ë‹¤. ì„...

You may provide a definition with
\DeclareUnicodeCharacter 


! Package inputenc Error: Unicode character ì— (U+C5D0)
(inputenc)                not set up for use with LaTeX.

See the inputenc package documentation for explanation.
Type  H <return>  for immediate help.
 ...                                              
                                                  
l.578 - ì—¬ê¸°ì—
                 ì„œëŠ” í—´í êµì¬ P.316 ì˜ ë‚´ìš©ì„ ì°¸ê³ í•˜ì˜€ë‹¤. ì„...

You may provide a definition with
\DeclareUnicodeCharacter 


! Package inputenc Error: Unicode character ì„œ (U+C11C)
(inputenc)                not set up for use with LaTeX.

See the inputenc package documentation for explanation.
Type  H <return>  for immediate help.
 ...                                              
                                                  
l.578 - ì—¬ê¸°ì—ì„œ
                    ëŠ” í—´í êµì¬ P.316 ì˜ ë‚´ìš©ì„ ì°¸ê³ í•˜ì˜€ë‹¤. ì„...

You may provide a definition with
\DeclareUnicodeCharacter 


! Package inputenc Error: Unicode character ëŠ” (U+B294)
(inputenc)                not set up for use with LaTeX.

See the inputenc package documentation for explanation.
Type  H <return>  for immediate help.
 ...                                              
                                                  
l.578 - ì—¬ê¸°ì—ì„œëŠ”
                        í—´í êµì¬ P.316 ì˜ ë‚´ìš©ì„ ì°¸ê³ í•˜ì˜€ë‹¤. ì„...

You may provide a definition with
\DeclareUnicodeCharacter 


! Package inputenc Error: Unicode character í—´ (U+D5F4)
(inputenc)                not set up for use with LaTeX.

See the inputenc package documentation for explanation.
Type  H <return>  for immediate help.
 ...                                              
                                                  
l.578 - ì—¬ê¸°ì—ì„œëŠ” í—´
                           í êµì¬ P.316 ì˜ ë‚´ìš©ì„ ì°¸ê³ í•˜ì˜€ë‹¤. ì„...

You may provide a definition with
\DeclareUnicodeCharacter 


! Package inputenc Error: Unicode character í  (U+D3A0)
(inputenc)                not set up for use with LaTeX.

See the inputenc package documentation for explanation.
Type  H <return>  for immediate help.
 ...                                              
                                                  
l.578 - ì—¬ê¸°ì—ì„œëŠ” í—´í 
                              êµì¬ P.316 ì˜ ë‚´ìš©ì„ ì°¸ê³ í•˜ì˜€ë‹¤. ì„...

You may provide a definition with
\DeclareUnicodeCharacter 


! Package inputenc Error: Unicode character êµ (U+AD50)
(inputenc)                not set up for use with LaTeX.

See the inputenc package documentation for explanation.
Type  H <return>  for immediate help.
 ...                                              
                                                  
l.578 - ì—¬ê¸°ì—ì„œëŠ” í—´í êµ
                                 ì¬ P.316 ì˜ ë‚´ìš©ì„ ì°¸ê³ í•˜ì˜€ë‹¤. ì„...

You may provide a definition with
\DeclareUnicodeCharacter 


! Package inputenc Error: Unicode character ì¬ (U+C7AC)
(inputenc)                not set up for use with LaTeX.

See the inputenc package documentation for explanation.
Type  H <return>  for immediate help.
 ...                                              
                                                  
l.578 - ì—¬ê¸°ì—ì„œëŠ” í—´í êµì¬
                                     P.316 ì˜ ë‚´ìš©ì„ ì°¸ê³ í•˜ì˜€ë‹¤. ì„...

You may provide a definition with
\DeclareUnicodeCharacter 


! Package inputenc Error: Unicode character ì˜ (U+C758)
(inputenc)                not set up for use with LaTeX.

See the inputenc package documentation for explanation.
Type  H <return>  for immediate help.
 ...                                              
                                                  
l.578 - ì—¬ê¸°ì—ì„œëŠ” í—´í êµì¬ P.316 ì˜
                                               ë‚´ìš©ì„ ì°¸ê³ í•˜ì˜€ë‹¤. ì„...

You may provide a definition with
\DeclareUnicodeCharacter 


! Package inputenc Error: Unicode character ë‚´ (U+B0B4)
(inputenc)                not set up for use with LaTeX.

See the inputenc package documentation for explanation.
Type  H <return>  for immediate help.
 ...                                              
                                                  
l.578 - ì—¬ê¸°ì—ì„œëŠ” í—´í êµì¬ P.316 ì˜ ë‚´
                                                  ìš©ì„ ì°¸ê³ í•˜ì˜€ë‹¤. ì„...

You may provide a definition with
\DeclareUnicodeCharacter 


! Package inputenc Error: Unicode character ìš© (U+C6A9)
(inputenc)                not set up for use with LaTeX.

See the inputenc package documentation for explanation.
Type  H <return>  for immediate help.
 ...                                              
                                                  
l.578 ...¸°ì—ì„œëŠ” í—´í êµì¬ P.316 ì˜ ë‚´ìš©
                                                  ì„ ì°¸ê³ í•˜ì˜€ë‹¤. ì„ í˜...

You may provide a definition with
\DeclareUnicodeCharacter 


! Package inputenc Error: Unicode character ì„ (U+C744)
(inputenc)                not set up for use with LaTeX.

See the inputenc package documentation for explanation.
Type  H <return>  for immediate help.
 ...                                              
                                                  
l.578 ...—ì„œëŠ” í—´í êµì¬ P.316 ì˜ ë‚´ìš©ì„
                                                   ì°¸ê³ í•˜ì˜€ë‹¤. ì„ í˜•ëª...

You may provide a definition with
\DeclareUnicodeCharacter 


! Package inputenc Error: Unicode character ì°¸ (U+CC38)
(inputenc)                not set up for use with LaTeX.

See the inputenc package documentation for explanation.
Type  H <return>  for immediate help.
 ...                                              
                                                  
l.578 ...œëŠ” í—´í êµì¬ P.316 ì˜ ë‚´ìš©ì„ ì°¸
                                                  ê³ í•˜ì˜€ë‹¤. ì„ í˜•ëª¨ë¸...

You may provide a definition with
\DeclareUnicodeCharacter 


! Package inputenc Error: Unicode character ê³  (U+ACE0)
(inputenc)                not set up for use with LaTeX.

See the inputenc package documentation for explanation.
Type  H <return>  for immediate help.
 ...                                              
                                                  
l.578 ...” í—´í êµì¬ P.316 ì˜ ë‚´ìš©ì„ ì°¸ê³ 
                                                  í•˜ì˜€ë‹¤. ì„ í˜•ëª¨ë¸ì—...

You may provide a definition with
\DeclareUnicodeCharacter 


! Package inputenc Error: Unicode character í•˜ (U+D558)
(inputenc)                not set up for use with LaTeX.

See the inputenc package documentation for explanation.
Type  H <return>  for immediate help.
 ...                                              
                                                  
l.578 ...—´í êµì¬ P.316 ì˜ ë‚´ìš©ì„ ì°¸ê³ í•˜
                                                  ì˜€ë‹¤. ì„ í˜•ëª¨ë¸ì—ì„œ...

You may provide a definition with
\DeclareUnicodeCharacter 


! Package inputenc Error: Unicode character ì˜€ (U+C600)
(inputenc)                not set up for use with LaTeX.

See the inputenc package documentation for explanation.
Type  H <return>  for immediate help.
 ...                                              
                                                  
l.578 ... êµì¬ P.316 ì˜ ë‚´ìš©ì„ ì°¸ê³ í•˜ì˜€
                                                  ë‹¤. ì„ í˜•ëª¨ë¸ì—ì„œ ëª...

You may provide a definition with
\DeclareUnicodeCharacter 


! Package inputenc Error: Unicode character ë‹¤ (U+B2E4)
(inputenc)                not set up for use with LaTeX.

See the inputenc package documentation for explanation.
Type  H <return>  for immediate help.
 ...                                              
                                                  
l.578 ...µì¬ P.316 ì˜ ë‚´ìš©ì„ ì°¸ê³ í•˜ì˜€ë‹¤
                                                  . ì„ í˜•ëª¨ë¸ì—ì„œ ëª¨ìˆ...

You may provide a definition with
\DeclareUnicodeCharacter 


! Package inputenc Error: Unicode character ì„  (U+C120)
(inputenc)                not set up for use with LaTeX.

See the inputenc package documentation for explanation.
Type  H <return>  for immediate help.
 ...                                              
                                                  
l.578 ... P.316 ì˜ ë‚´ìš©ì„ ì°¸ê³ í•˜ì˜€ë‹¤. ì„ 
                                                  í˜•ëª¨ë¸ì—ì„œ ëª¨ìˆ˜ $\b...

You may provide a definition with
\DeclareUnicodeCharacter 


! Package inputenc Error: Unicode character í˜• (U+D615)
(inputenc)                not set up for use with LaTeX.

See the inputenc package documentation for explanation.
Type  H <return>  for immediate help.
 ...                                              
                                                  
l.578 ...316 ì˜ ë‚´ìš©ì„ ì°¸ê³ í•˜ì˜€ë‹¤. ì„ í˜•
                                                  ëª¨ë¸ì—ì„œ ëª¨ìˆ˜ $\bold...

You may provide a definition with
\DeclareUnicodeCharacter 


! Package inputenc Error: Unicode character ëª¨ (U+BAA8)
(inputenc)                not set up for use with LaTeX.

See the inputenc package documentation for explanation.
Type  H <return>  for immediate help.
 ...                                              
                                                  
l.578 ... ì˜ ë‚´ìš©ì„ ì°¸ê³ í•˜ì˜€ë‹¤. ì„ í˜•ëª¨
                                                  ë¸ì—ì„œ ëª¨ìˆ˜ $\boldsym...

You may provide a definition with
\DeclareUnicodeCharacter 


! Package inputenc Error: Unicode character ë¸ (U+B378)
(inputenc)                not set up for use with LaTeX.

See the inputenc package documentation for explanation.
Type  H <return>  for immediate help.
 ...                                              
                                                  
l.578 ...˜ ë‚´ìš©ì„ ì°¸ê³ í•˜ì˜€ë‹¤. ì„ í˜•ëª¨ë¸
                                                  ì—ì„œ ëª¨ìˆ˜ $\boldsymbol...

You may provide a definition with
\DeclareUnicodeCharacter 


! Package inputenc Error: Unicode character ì— (U+C5D0)
(inputenc)                not set up for use with LaTeX.

See the inputenc package documentation for explanation.
Type  H <return>  for immediate help.
 ...                                              
                                                  
l.578 ...‚´ìš©ì„ ì°¸ê³ í•˜ì˜€ë‹¤. ì„ í˜•ëª¨ë¸ì—
                                                  ì„œ ëª¨ìˆ˜ $\boldsymbol{\b...

You may provide a definition with
\DeclareUnicodeCharacter 


! Package inputenc Error: Unicode character ì„œ (U+C11C)
(inputenc)                not set up for use with LaTeX.

See the inputenc package documentation for explanation.
Type  H <return>  for immediate help.
 ...                                              
                                                  
l.578 ...š©ì„ ì°¸ê³ í•˜ì˜€ë‹¤. ì„ í˜•ëª¨ë¸ì—ì„œ
                                                   ëª¨ìˆ˜ $\boldsymbol{\beta...

You may provide a definition with
\DeclareUnicodeCharacter 


! Package inputenc Error: Unicode character ëª¨ (U+BAA8)
(inputenc)                not set up for use with LaTeX.

See the inputenc package documentation for explanation.
Type  H <return>  for immediate help.
 ...                                              
                                                  
l.578 ...„ ì°¸ê³ í•˜ì˜€ë‹¤. ì„ í˜•ëª¨ë¸ì—ì„œ ëª¨
                                                  ìˆ˜ $\boldsymbol{\beta}$ì...

You may provide a definition with
\DeclareUnicodeCharacter 


! Package inputenc Error: Unicode character ìˆ˜ (U+C218)
(inputenc)                not set up for use with LaTeX.

See the inputenc package documentation for explanation.
Type  H <return>  for immediate help.
 ...                                              
                                                  
l.578 ...°¸ê³ í•˜ì˜€ë‹¤. ì„ í˜•ëª¨ë¸ì—ì„œ ëª¨ìˆ˜
                                                   $\boldsymbol{\beta}$ì˜ ì...

You may provide a definition with
\DeclareUnicodeCharacter 


! Package inputenc Error: Unicode character ì˜ (U+C758)
(inputenc)                not set up for use with LaTeX.

See the inputenc package documentation for explanation.
Type  H <return>  for immediate help.
 ...                                              
                                                  
l.578 ...¨ë¸ì—ì„œ ëª¨ìˆ˜ $\boldsymbol{\beta}$ì˜
                                                   ì¶”ì •ëŸ‰ $\boldsymbol{\b...

You may provide a definition with
\DeclareUnicodeCharacter 


! Package inputenc Error: Unicode character ì¶” (U+CD94)
(inputenc)                not set up for use with LaTeX.

See the inputenc package documentation for explanation.
Type  H <return>  for immediate help.
 ...                                              
                                                  
l.578 ...ì—ì„œ ëª¨ìˆ˜ $\boldsymbol{\beta}$ì˜ ì¶”
                                                  ì •ëŸ‰ $\boldsymbol{\beta}...

You may provide a definition with
\DeclareUnicodeCharacter 


! Package inputenc Error: Unicode character ì • (U+C815)
(inputenc)                not set up for use with LaTeX.

See the inputenc package documentation for explanation.
Type  H <return>  for immediate help.
 ...                                              
                                                  
l.578 ...ì„œ ëª¨ìˆ˜ $\boldsymbol{\beta}$ì˜ ì¶”ì •
                                                  ëŸ‰ $\boldsymbol{\beta}_ n...

You may provide a definition with
\DeclareUnicodeCharacter 


! Package inputenc Error: Unicode character ëŸ‰ (U+B7C9)
(inputenc)                not set up for use with LaTeX.

See the inputenc package documentation for explanation.
Type  H <return>  for immediate help.
 ...                                              
                                                  
l.578 ... ëª¨ìˆ˜ $\boldsymbol{\beta}$ì˜ ì¶”ì •ëŸ‰
                                                   $\boldsymbol{\beta}_ n$ ì...

You may provide a definition with
\DeclareUnicodeCharacter 


! Package inputenc Error: Unicode character ì„ (U+C744)
(inputenc)                not set up for use with LaTeX.

See the inputenc package documentation for explanation.
Type  H <return>  for immediate help.
 ...                                              
                                                  
l.578 ...ì˜ ì¶”ì •ëŸ‰ $\boldsymbol{\beta}_ n$ ì„
                                                   êµ¬í•˜ëŠ” ê²ƒì€ ì•„ë˜ë¥...

You may provide a definition with
\DeclareUnicodeCharacter 


! Package inputenc Error: Unicode character êµ¬ (U+AD6C)
(inputenc)                not set up for use with LaTeX.

See the inputenc package documentation for explanation.
Type  H <return>  for immediate help.
 ...                                              
                                                  
l.578 ...ì¶”ì •ëŸ‰ $\boldsymbol{\beta}_ n$ ì„ êµ¬
                                                  í•˜ëŠ” ê²ƒì€ ì•„ë˜ë¥¼ í‘...

You may provide a definition with
\DeclareUnicodeCharacter 


! Package inputenc Error: Unicode character í•˜ (U+D558)
(inputenc)                not set up for use with LaTeX.

See the inputenc package documentation for explanation.
Type  H <return>  for immediate help.
 ...                                              
                                                  
l.578 ...ì •ëŸ‰ $\boldsymbol{\beta}_ n$ ì„ êµ¬í•˜
                                                  ëŠ” ê²ƒì€ ì•„ë˜ë¥¼ í‘¸ëŠ...

You may provide a definition with
\DeclareUnicodeCharacter 


! Package inputenc Error: Unicode character ëŠ” (U+B294)
(inputenc)                not set up for use with LaTeX.

See the inputenc package documentation for explanation.
Type  H <return>  for immediate help.
 ...                                              
                                                  
l.578 ...ëŸ‰ $\boldsymbol{\beta}_ n$ ì„ êµ¬í•˜ëŠ”
                                                   ê²ƒì€ ì•„ë˜ë¥¼ í‘¸ëŠ” ê...

You may provide a definition with
\DeclareUnicodeCharacter 


! Package inputenc Error: Unicode character ê²ƒ (U+AC83)
(inputenc)                not set up for use with LaTeX.

See the inputenc package documentation for explanation.
Type  H <return>  for immediate help.
 ...                                              
                                                  
l.578 ...$\boldsymbol{\beta}_ n$ ì„ êµ¬í•˜ëŠ” ê²ƒ
                                                  ì€ ì•„ë˜ë¥¼ í‘¸ëŠ” ê²ƒì...

You may provide a definition with
\DeclareUnicodeCharacter 


! Package inputenc Error: Unicode character ì€ (U+C740)
(inputenc)                not set up for use with LaTeX.

See the inputenc package documentation for explanation.
Type  H <return>  for immediate help.
 ...                                              
                                                  
l.578 ...oldsymbol{\beta}_ n$ ì„ êµ¬í•˜ëŠ” ê²ƒì€
                                                   ì•„ë˜ë¥¼ í‘¸ëŠ” ê²ƒì´ê³ 
You may provide a definition with
\DeclareUnicodeCharacter 


! Package inputenc Error: Unicode character ì•„ (U+C544)
(inputenc)                not set up for use with LaTeX.

See the inputenc package documentation for explanation.
Type  H <return>  for immediate help.
 ...                                              
                                                  
l.578 ...ymbol{\beta}_ n$ ì„ êµ¬í•˜ëŠ” ê²ƒì€ ì•„
                                                  ë˜ë¥¼ í‘¸ëŠ” ê²ƒì´ê³ 
You may provide a definition with
\DeclareUnicodeCharacter 


! Package inputenc Error: Unicode character ë˜ (U+B798)
(inputenc)                not set up for use with LaTeX.

See the inputenc package documentation for explanation.
Type  H <return>  for immediate help.
 ...                                              
                                                  
l.578 ...ol{\beta}_ n$ ì„ êµ¬í•˜ëŠ” ê²ƒì€ ì•„ë˜
                                                  ë¥¼ í‘¸ëŠ” ê²ƒì´ê³ 
You may provide a definition with
\DeclareUnicodeCharacter 


! Package inputenc Error: Unicode character ë¥¼ (U+B97C)
(inputenc)                not set up for use with LaTeX.

See the inputenc package documentation for explanation.
Type  H <return>  for immediate help.
 ...                                              
                                                  
l.578 ...\beta}_ n$ ì„ êµ¬í•˜ëŠ” ê²ƒì€ ì•„ë˜ë¥¼
                                                   í‘¸ëŠ” ê²ƒì´ê³ 
You may provide a definition with
\DeclareUnicodeCharacter 


! Package inputenc Error: Unicode character í‘¸ (U+D478)
(inputenc)                not set up for use with LaTeX.

See the inputenc package documentation for explanation.
Type  H <return>  for immediate help.
 ...                                              
                                                  
l.578 ...a}_ n$ ì„ êµ¬í•˜ëŠ” ê²ƒì€ ì•„ë˜ë¥¼ í‘¸
                                                  ëŠ” ê²ƒì´ê³ 
You may provide a definition with
\DeclareUnicodeCharacter 


! Package inputenc Error: Unicode character ëŠ” (U+B294)
(inputenc)                not set up for use with LaTeX.

See the inputenc package documentation for explanation.
Type  H <return>  for immediate help.
 ...                                              
                                                  
l.578 ... n$ ì„ êµ¬í•˜ëŠ” ê²ƒì€ ì•„ë˜ë¥¼ í‘¸ëŠ”
                                                   ê²ƒì´ê³ 
You may provide a definition with
\DeclareUnicodeCharacter 


! Package inputenc Error: Unicode character ê²ƒ (U+AC83)
(inputenc)                not set up for use with LaTeX.

See the inputenc package documentation for explanation.
Type  H <return>  for immediate help.
 ...                                              
                                                  
l.578 ...ì„ êµ¬í•˜ëŠ” ê²ƒì€ ì•„ë˜ë¥¼ í‘¸ëŠ” ê²ƒ
                                                  ì´ê³ 
You may provide a definition with
\DeclareUnicodeCharacter 


! Package inputenc Error: Unicode character ì´ (U+C774)
(inputenc)                not set up for use with LaTeX.

See the inputenc package documentation for explanation.
Type  H <return>  for immediate help.
 ...                                              
                                                  
l.578 ... êµ¬í•˜ëŠ” ê²ƒì€ ì•„ë˜ë¥¼ í‘¸ëŠ” ê²ƒì´
                                                  ê³ 
You may provide a definition with
\DeclareUnicodeCharacter 


! Package inputenc Error: Unicode character ê³  (U+ACE0)
(inputenc)                not set up for use with LaTeX.

See the inputenc package documentation for explanation.
Type  H <return>  for immediate help.
 ...                                              
                                                  
l.578 ...¬í•˜ëŠ” ê²ƒì€ ì•„ë˜ë¥¼ í‘¸ëŠ” ê²ƒì´ê³ 
                                                  
You may provide a definition with
\DeclareUnicodeCharacter 

[21] [22 <./Fig/In_scale_1.pdf> <./Fig/In_scale_2.pdf>] [23 <./Fig/In_scale_3.p
df> <./Fig/In_scale_4.pdf>] [24 <./Fig/In_scale_5.pdf> <./Fig/In_scale_6.pdf>]

! Package inputenc Error: Unicode character ì´ (U+C774)
(inputenc)                not set up for use with LaTeX.

See the inputenc package documentation for explanation.
Type  H <return>  for immediate help.
 ...                                              
                                                  
l.582 ì´
         ê²ƒì€ ë‹¤ì‹œ ì•„ë˜ì˜ ë°©ì •ì‹ì˜ í•´ë¥¼ í‘¸ëŠ”ê²ƒê³¼ ê°™ë‹¤.
You may provide a definition with
\DeclareUnicodeCharacter 


! Package inputenc Error: Unicode character ê²ƒ (U+AC83)
(inputenc)                not set up for use with LaTeX.

See the inputenc package documentation for explanation.
Type  H <return>  for immediate help.
 ...                                              
                                                  
l.582 ì´ê²ƒ
            ì€ ë‹¤ì‹œ ì•„ë˜ì˜ ë°©ì •ì‹ì˜ í•´ë¥¼ í‘¸ëŠ”ê²ƒê³¼ ê°™ë‹¤.
You may provide a definition with
\DeclareUnicodeCharacter 


! Package inputenc Error: Unicode character ì€ (U+C740)
(inputenc)                not set up for use with LaTeX.

See the inputenc package documentation for explanation.
Type  H <return>  for immediate help.
 ...                                              
                                                  
l.582 ì´ê²ƒì€
                ë‹¤ì‹œ ì•„ë˜ì˜ ë°©ì •ì‹ì˜ í•´ë¥¼ í‘¸ëŠ”ê²ƒê³¼ ê°™ë‹¤.
You may provide a definition with
\DeclareUnicodeCharacter 


! Package inputenc Error: Unicode character ë‹¤ (U+B2E4)
(inputenc)                not set up for use with LaTeX.

See the inputenc package documentation for explanation.
Type  H <return>  for immediate help.
 ...                                              
                                                  
l.582 ì´ê²ƒì€ ë‹¤
                   ì‹œ ì•„ë˜ì˜ ë°©ì •ì‹ì˜ í•´ë¥¼ í‘¸ëŠ”ê²ƒê³¼ ê°™ë‹¤.
You may provide a definition with
\DeclareUnicodeCharacter 


! Package inputenc Error: Unicode character ì‹œ (U+C2DC)
(inputenc)                not set up for use with LaTeX.

See the inputenc package documentation for explanation.
Type  H <return>  for immediate help.
 ...                                              
                                                  
l.582 ì´ê²ƒì€ ë‹¤ì‹œ
                       ì•„ë˜ì˜ ë°©ì •ì‹ì˜ í•´ë¥¼ í‘¸ëŠ”ê²ƒê³¼ ê°™ë‹¤.
You may provide a definition with
\DeclareUnicodeCharacter 


! Package inputenc Error: Unicode character ì•„ (U+C544)
(inputenc)                not set up for use with LaTeX.

See the inputenc package documentation for explanation.
Type  H <return>  for immediate help.
 ...                                              
                                                  
l.582 ì´ê²ƒì€ ë‹¤ì‹œ ì•„
                          ë˜ì˜ ë°©ì •ì‹ì˜ í•´ë¥¼ í‘¸ëŠ”ê²ƒê³¼ ê°™ë‹¤.
You may provide a definition with
\DeclareUnicodeCharacter 


! Package inputenc Error: Unicode character ë˜ (U+B798)
(inputenc)                not set up for use with LaTeX.

See the inputenc package documentation for explanation.
Type  H <return>  for immediate help.
 ...                                              
                                                  
l.582 ì´ê²ƒì€ ë‹¤ì‹œ ì•„ë˜
                             ì˜ ë°©ì •ì‹ì˜ í•´ë¥¼ í‘¸ëŠ”ê²ƒê³¼ ê°™ë‹¤.
You may provide a definition with
\DeclareUnicodeCharacter 


! Package inputenc Error: Unicode character ì˜ (U+C758)
(inputenc)                not set up for use with LaTeX.

See the inputenc package documentation for explanation.
Type  H <return>  for immediate help.
 ...                                              
                                                  
l.582 ì´ê²ƒì€ ë‹¤ì‹œ ì•„ë˜ì˜
                                 ë°©ì •ì‹ì˜ í•´ë¥¼ í‘¸ëŠ”ê²ƒê³¼ ê°™ë‹¤.
You may provide a definition with
\DeclareUnicodeCharacter 


! Package inputenc Error: Unicode character ë°© (U+BC29)
(inputenc)                not set up for use with LaTeX.

See the inputenc package documentation for explanation.
Type  H <return>  for immediate help.
 ...                                              
                                                  
l.582 ì´ê²ƒì€ ë‹¤ì‹œ ì•„ë˜ì˜ ë°©
                                    ì •ì‹ì˜ í•´ë¥¼ í‘¸ëŠ”ê²ƒê³¼ ê°™ë‹¤.
You may provide a definition with
\DeclareUnicodeCharacter 


! Package inputenc Error: Unicode character ì • (U+C815)
(inputenc)                not set up for use with LaTeX.

See the inputenc package documentation for explanation.
Type  H <return>  for immediate help.
 ...                                              
                                                  
l.582 ì´ê²ƒì€ ë‹¤ì‹œ ì•„ë˜ì˜ ë°©ì •
                                       ì‹ì˜ í•´ë¥¼ í‘¸ëŠ”ê²ƒê³¼ ê°™ë‹¤.
You may provide a definition with
\DeclareUnicodeCharacter 


! Package inputenc Error: Unicode character ì‹ (U+C2DD)
(inputenc)                not set up for use with LaTeX.

See the inputenc package documentation for explanation.
Type  H <return>  for immediate help.
 ...                                              
                                                  
l.582 ì´ê²ƒì€ ë‹¤ì‹œ ì•„ë˜ì˜ ë°©ì •ì‹
                                          ì˜ í•´ë¥¼ í‘¸ëŠ”ê²ƒê³¼ ê°™ë‹¤.
You may provide a definition with
\DeclareUnicodeCharacter 


! Package inputenc Error: Unicode character ì˜ (U+C758)
(inputenc)                not set up for use with LaTeX.

See the inputenc package documentation for explanation.
Type  H <return>  for immediate help.
 ...                                              
                                                  
l.582 ì´ê²ƒì€ ë‹¤ì‹œ ì•„ë˜ì˜ ë°©ì •ì‹ì˜
                                              í•´ë¥¼ í‘¸ëŠ”ê²ƒê³¼ ê°™ë‹¤.
You may provide a definition with
\DeclareUnicodeCharacter 


! Package inputenc Error: Unicode character í•´ (U+D574)
(inputenc)                not set up for use with LaTeX.

See the inputenc package documentation for explanation.
Type  H <return>  for immediate help.
 ...                                              
                                                  
l.582 ì´ê²ƒì€ ë‹¤ì‹œ ì•„ë˜ì˜ ë°©ì •ì‹ì˜ í•´
                                                 ë¥¼ í‘¸ëŠ”ê²ƒê³¼ ê°™ë‹¤.
You may provide a definition with
\DeclareUnicodeCharacter 


! Package inputenc Error: Unicode character ë¥¼ (U+B97C)
(inputenc)                not set up for use with LaTeX.

See the inputenc package documentation for explanation.
Type  H <return>  for immediate help.
 ...                                              
                                                  
l.582 ...ƒì€ ë‹¤ì‹œ ì•„ë˜ì˜ ë°©ì •ì‹ì˜ í•´ë¥¼
                                                   í‘¸ëŠ”ê²ƒê³¼ ê°™ë‹¤.
You may provide a definition with
\DeclareUnicodeCharacter 


! Package inputenc Error: Unicode character í‘¸ (U+D478)
(inputenc)                not set up for use with LaTeX.

See the inputenc package documentation for explanation.
Type  H <return>  for immediate help.
 ...                                              
                                                  
l.582 ... ë‹¤ì‹œ ì•„ë˜ì˜ ë°©ì •ì‹ì˜ í•´ë¥¼ í‘¸
                                                  ëŠ”ê²ƒê³¼ ê°™ë‹¤.
You may provide a definition with
\DeclareUnicodeCharacter 


! Package inputenc Error: Unicode character ëŠ” (U+B294)
(inputenc)                not set up for use with LaTeX.

See the inputenc package documentation for explanation.
Type  H <return>  for immediate help.
 ...                                              
                                                  
l.582 ...¤ì‹œ ì•„ë˜ì˜ ë°©ì •ì‹ì˜ í•´ë¥¼ í‘¸ëŠ”
                                                  ê²ƒê³¼ ê°™ë‹¤.
You may provide a definition with
\DeclareUnicodeCharacter 


! Package inputenc Error: Unicode character ê²ƒ (U+AC83)
(inputenc)                not set up for use with LaTeX.

See the inputenc package documentation for explanation.
Type  H <return>  for immediate help.
 ...                                              
                                                  
l.582 ...œ ì•„ë˜ì˜ ë°©ì •ì‹ì˜ í•´ë¥¼ í‘¸ëŠ”ê²ƒ
                                                  ê³¼ ê°™ë‹¤.
You may provide a definition with
\DeclareUnicodeCharacter 


! Package inputenc Error: Unicode character ê³¼ (U+ACFC)
(inputenc)                not set up for use with LaTeX.

See the inputenc package documentation for explanation.
Type  H <return>  for immediate help.
 ...                                              
                                                  
l.582 ...•„ë˜ì˜ ë°©ì •ì‹ì˜ í•´ë¥¼ í‘¸ëŠ”ê²ƒê³¼
                                                   ê°™ë‹¤.
You may provide a definition with
\DeclareUnicodeCharacter 


! Package inputenc Error: Unicode character ê°™ (U+AC19)
(inputenc)                not set up for use with LaTeX.

See the inputenc package documentation for explanation.
Type  H <return>  for immediate help.
 ...                                              
                                                  
l.582 ...˜ì˜ ë°©ì •ì‹ì˜ í•´ë¥¼ í‘¸ëŠ”ê²ƒê³¼ ê°™
                                                  ë‹¤.
You may provide a definition with
\DeclareUnicodeCharacter 


! Package inputenc Error: Unicode character ë‹¤ (U+B2E4)
(inputenc)                not set up for use with LaTeX.

See the inputenc package documentation for explanation.
Type  H <return>  for immediate help.
 ...                                              
                                                  
l.582 ...˜ ë°©ì •ì‹ì˜ í•´ë¥¼ í‘¸ëŠ”ê²ƒê³¼ ê°™ë‹¤
                                                  .
You may provide a definition with
\DeclareUnicodeCharacter 


! Package inputenc Error: Unicode character ì´ (U+C774)
(inputenc)                not set up for use with LaTeX.

See the inputenc package documentation for explanation.
Type  H <return>  for immediate help.
 ...                                              
                                                  
l.586 ì´
         ëŸ° ì¶”ì •ëŸ‰ $\boldsymbol{\beta}_ n$ì„ $M$-estimatorë¼ê³  í•œë‹¤...

You may provide a definition with
\DeclareUnicodeCharacter 


! Package inputenc Error: Unicode character ëŸ° (U+B7F0)
(inputenc)                not set up for use with LaTeX.

See the inputenc package documentation for explanation.
Type  H <return>  for immediate help.
 ...                                              
                                                  
l.586 ì´ëŸ°
             ì¶”ì •ëŸ‰ $\boldsymbol{\beta}_ n$ì„ $M$-estimatorë¼ê³  í•œë‹¤...

You may provide a definition with
\DeclareUnicodeCharacter 


! Package inputenc Error: Unicode character ì¶” (U+CD94)
(inputenc)                not set up for use with LaTeX.

See the inputenc package documentation for explanation.
Type  H <return>  for immediate help.
 ...                                              
                                                  
l.586 ì´ëŸ° ì¶”
                ì •ëŸ‰ $\boldsymbol{\beta}_ n$ì„ $M$-estimatorë¼ê³  í•œë‹¤...

You may provide a definition with
\DeclareUnicodeCharacter 


! Package inputenc Error: Unicode character ì • (U+C815)
(inputenc)                not set up for use with LaTeX.

See the inputenc package documentation for explanation.
Type  H <return>  for immediate help.
 ...                                              
                                                  
l.586 ì´ëŸ° ì¶”ì •
                   ëŸ‰ $\boldsymbol{\beta}_ n$ì„ $M$-estimatorë¼ê³  í•œë‹¤...

You may provide a definition with
\DeclareUnicodeCharacter 


! Package inputenc Error: Unicode character ëŸ‰ (U+B7C9)
(inputenc)                not set up for use with LaTeX.

See the inputenc package documentation for explanation.
Type  H <return>  for immediate help.
 ...                                              
                                                  
l.586 ì´ëŸ° ì¶”ì •ëŸ‰
                       $\boldsymbol{\beta}_ n$ì„ $M$-estimatorë¼ê³  í•œë‹¤...

You may provide a definition with
\DeclareUnicodeCharacter 


! Package inputenc Error: Unicode character ì„ (U+C744)
(inputenc)                not set up for use with LaTeX.

See the inputenc package documentation for explanation.
Type  H <return>  for immediate help.
 ...                                              
                                                  
l.586 ì´ëŸ° ì¶”ì •ëŸ‰ $\boldsymbol{\beta}_ n$ì„
                                                  $M$-estimatorë¼ê³  í•œë‹¤...

You may provide a definition with
\DeclareUnicodeCharacter 


! Package inputenc Error: Unicode character ë¼ (U+B77C)
(inputenc)                not set up for use with LaTeX.

See the inputenc package documentation for explanation.
Type  H <return>  for immediate help.
 ...                                              
                                                  
l.586 ...boldsymbol{\beta}_ n$ì„ $M$-estimatorë¼
                                                  ê³  í•œë‹¤. ì¼ë°˜ì ì¸ í...

You may provide a definition with
\DeclareUnicodeCharacter 


! Package inputenc Error: Unicode character ê³  (U+ACE0)
(inputenc)                not set up for use with LaTeX.

See the inputenc package documentation for explanation.
Type  H <return>  for immediate help.
 ...                                              
                                                  
l.586 ...dsymbol{\beta}_ n$ì„ $M$-estimatorë¼ê³ 
                                                   í•œë‹¤. ì¼ë°˜ì ì¸ íšŒê...

You may provide a definition with
\DeclareUnicodeCharacter 


! Package inputenc Error: Unicode character í•œ (U+D55C)
(inputenc)                not set up for use with LaTeX.

See the inputenc package documentation for explanation.
Type  H <return>  for immediate help.
 ...                                              
                                                  
l.586 ...bol{\beta}_ n$ì„ $M$-estimatorë¼ê³  í•œ
                                                  ë‹¤. ì¼ë°˜ì ì¸ íšŒê·€ë¶...

You may provide a definition with
\DeclareUnicodeCharacter 


! Package inputenc Error: Unicode character ë‹¤ (U+B2E4)
(inputenc)                not set up for use with LaTeX.

See the inputenc package documentation for explanation.
Type  H <return>  for immediate help.
 ...                                              
                                                  
l.586 ...{\beta}_ n$ì„ $M$-estimatorë¼ê³  í•œë‹¤
                                                  . ì¼ë°˜ì ì¸ íšŒê·€ë¶„ì„...

You may provide a definition with
\DeclareUnicodeCharacter 


! Package inputenc Error: Unicode character ì¼ (U+C77C)
(inputenc)                not set up for use with LaTeX.

See the inputenc package documentation for explanation.
Type  H <return>  for immediate help.
 ...                                              
                                                  
l.586 ...a}_ n$ì„ $M$-estimatorë¼ê³  í•œë‹¤. ì¼
                                                  ë°˜ì ì¸ íšŒê·€ë¶„ì„ ëª¨...

You may provide a definition with
\DeclareUnicodeCharacter 


! Package inputenc Error: Unicode character ë°˜ (U+BC18)
(inputenc)                not set up for use with LaTeX.

See the inputenc package documentation for explanation.
Type  H <return>  for immediate help.
 ...                                              
                                                  
l.586 ... n$ì„ $M$-estimatorë¼ê³  í•œë‹¤. ì¼ë°˜
                                                  ì ì¸ íšŒê·€ë¶„ì„ ëª¨í˜•...

You may provide a definition with
\DeclareUnicodeCharacter 


! Package inputenc Error: Unicode character ì  (U+C801)
(inputenc)                not set up for use with LaTeX.

See the inputenc package documentation for explanation.
Type  H <return>  for immediate help.
 ...                                              
                                                  
l.586 ...ì„ $M$-estimatorë¼ê³  í•œë‹¤. ì¼ë°˜ì 
                                                  ì¸ íšŒê·€ë¶„ì„ ëª¨í˜•ì—...

You may provide a definition with
\DeclareUnicodeCharacter 


! Package inputenc Error: Unicode character ì¸ (U+C778)
(inputenc)                not set up for use with LaTeX.

See the inputenc package documentation for explanation.
Type  H <return>  for immediate help.
 ...                                              
                                                  
l.586 ... $M$-estimatorë¼ê³  í•œë‹¤. ì¼ë°˜ì ì¸
                                                   íšŒê·€ë¶„ì„ ëª¨í˜•ì—ì„œ...

You may provide a definition with
\DeclareUnicodeCharacter 


! Package inputenc Error: Unicode character íšŒ (U+D68C)
(inputenc)                not set up for use with LaTeX.

See the inputenc package documentation for explanation.
Type  H <return>  for immediate help.
 ...                                              
                                                  
l.586 ...-estimatorë¼ê³  í•œë‹¤. ì¼ë°˜ì ì¸ íšŒ
                                                  ê·€ë¶„ì„ ëª¨í˜•ì—ì„œëŠ” ...

You may provide a definition with
\DeclareUnicodeCharacter 


! Package inputenc Error: Unicode character ê·€ (U+ADC0)
(inputenc)                not set up for use with LaTeX.

See the inputenc package documentation for explanation.
Type  H <return>  for immediate help.
 ...                                              
                                                  
l.586 ...timatorë¼ê³  í•œë‹¤. ì¼ë°˜ì ì¸ íšŒê·€
                                                  ë¶„ì„ ëª¨í˜•ì—ì„œëŠ” $\p...

You may provide a definition with
\DeclareUnicodeCharacter 


! Package inputenc Error: Unicode character ë¶„ (U+BD84)
(inputenc)                not set up for use with LaTeX.

See the inputenc package documentation for explanation.
Type  H <return>  for immediate help.
 ...                                              
                                                  
l.586 ...atorë¼ê³  í•œë‹¤. ì¼ë°˜ì ì¸ íšŒê·€ë¶„
                                                  ì„ ëª¨í˜•ì—ì„œëŠ” $\psi(...

You may provide a definition with
\DeclareUnicodeCharacter 


! Package inputenc Error: Unicode character ì„ (U+C11D)
(inputenc)                not set up for use with LaTeX.

See the inputenc package documentation for explanation.
Type  H <return>  for immediate help.
 ...                                              
                                                  
l.586 ...rë¼ê³  í•œë‹¤. ì¼ë°˜ì ì¸ íšŒê·€ë¶„ì„
                                                   ëª¨í˜•ì—ì„œëŠ” $\psi(y)=...

You may provide a definition with
\DeclareUnicodeCharacter 


! Package inputenc Error: Unicode character ëª¨ (U+BAA8)
(inputenc)                not set up for use with LaTeX.

See the inputenc package documentation for explanation.
Type  H <return>  for immediate help.
 ...                                              
                                                  
l.586 ...ê³  í•œë‹¤. ì¼ë°˜ì ì¸ íšŒê·€ë¶„ì„ ëª¨
                                                  í˜•ì—ì„œëŠ” $\psi(y)=y$ ê...

You may provide a definition with
\DeclareUnicodeCharacter 


! Package inputenc Error: Unicode character í˜• (U+D615)
(inputenc)                not set up for use with LaTeX.

See the inputenc package documentation for explanation.
Type  H <return>  for immediate help.
 ...                                              
                                                  
l.586 ... í•œë‹¤. ì¼ë°˜ì ì¸ íšŒê·€ë¶„ì„ ëª¨í˜•
                                                  ì—ì„œëŠ” $\psi(y)=y$ ê°€ ...

You may provide a definition with
\DeclareUnicodeCharacter 


! Package inputenc Error: Unicode character ì— (U+C5D0)
(inputenc)                not set up for use with LaTeX.

See the inputenc package documentation for explanation.
Type  H <return>  for immediate help.
 ...                                              
                                                  
l.586 ...œë‹¤. ì¼ë°˜ì ì¸ íšŒê·€ë¶„ì„ ëª¨í˜•ì—
                                                  ì„œëŠ” $\psi(y)=y$ ê°€ ë˜...

You may provide a definition with
\DeclareUnicodeCharacter 


! Package inputenc Error: Unicode character ì„œ (U+C11C)
(inputenc)                not set up for use with LaTeX.

See the inputenc package documentation for explanation.
Type  H <return>  for immediate help.
 ...                                              
                                                  
l.586 ...¤. ì¼ë°˜ì ì¸ íšŒê·€ë¶„ì„ ëª¨í˜•ì—ì„œ
                                                  ëŠ” $\psi(y)=y$ ê°€ ë˜ì–´...

You may provide a definition with
\DeclareUnicodeCharacter 


! Package inputenc Error: Unicode character ëŠ” (U+B294)
(inputenc)                not set up for use with LaTeX.

See the inputenc package documentation for explanation.
Type  H <return>  for immediate help.
 ...                                              
                                                  
l.586 ...ì¼ë°˜ì ì¸ íšŒê·€ë¶„ì„ ëª¨í˜•ì—ì„œëŠ”
                                                   $\psi(y)=y$ ê°€ ë˜ì–´ ìœ...

You may provide a definition with
\DeclareUnicodeCharacter 


! Package inputenc Error: Unicode character ê°€ (U+AC00)
(inputenc)                not set up for use with LaTeX.

See the inputenc package documentation for explanation.
Type  H <return>  for immediate help.
 ...                                              
                                                  
l.586 ...ê·€ë¶„ì„ ëª¨í˜•ì—ì„œëŠ” $\psi(y)=y$ ê°€
                                                   ë˜ì–´ ìœ„ì˜ ì‹ì€
You may provide a definition with
\DeclareUnicodeCharacter 


! Package inputenc Error: Unicode character ë˜ (U+B418)
(inputenc)                not set up for use with LaTeX.

See the inputenc package documentation for explanation.
Type  H <return>  for immediate help.
 ...                                              
                                                  
l.586 ...¶„ì„ ëª¨í˜•ì—ì„œëŠ” $\psi(y)=y$ ê°€ ë˜
                                                  ì–´ ìœ„ì˜ ì‹ì€
You may provide a definition with
\DeclareUnicodeCharacter 


! Package inputenc Error: Unicode character ì–´ (U+C5B4)
(inputenc)                not set up for use with LaTeX.

See the inputenc package documentation for explanation.
Type  H <return>  for immediate help.
 ...                                              
                                                  
l.586 ...„ ëª¨í˜•ì—ì„œëŠ” $\psi(y)=y$ ê°€ ë˜ì–´
                                                   ìœ„ì˜ ì‹ì€
You may provide a definition with
\DeclareUnicodeCharacter 


! Package inputenc Error: Unicode character ìœ„ (U+C704)
(inputenc)                not set up for use with LaTeX.

See the inputenc package documentation for explanation.
Type  H <return>  for immediate help.
 ...                                              
                                                  
l.586 ...ª¨í˜•ì—ì„œëŠ” $\psi(y)=y$ ê°€ ë˜ì–´ ìœ„
                                                  ì˜ ì‹ì€
You may provide a definition with
\DeclareUnicodeCharacter 


! Package inputenc Error: Unicode character ì˜ (U+C758)
(inputenc)                not set up for use with LaTeX.

See the inputenc package documentation for explanation.
Type  H <return>  for immediate help.
 ...                                              
                                                  
l.586 ...˜•ì—ì„œëŠ” $\psi(y)=y$ ê°€ ë˜ì–´ ìœ„ì˜
                                                   ì‹ì€
You may provide a definition with
\DeclareUnicodeCharacter 


! Package inputenc Error: Unicode character ì‹ (U+C2DD)
(inputenc)                not set up for use with LaTeX.

See the inputenc package documentation for explanation.
Type  H <return>  for immediate help.
 ...                                              
                                                  
l.586 ...ì„œëŠ” $\psi(y)=y$ ê°€ ë˜ì–´ ìœ„ì˜ ì‹
                                                  ì€
You may provide a definition with
\DeclareUnicodeCharacter 


! Package inputenc Error: Unicode character ì€ (U+C740)
(inputenc)                not set up for use with LaTeX.

See the inputenc package documentation for explanation.
Type  H <return>  for immediate help.
 ...                                              
                                                  
l.586 ...œëŠ” $\psi(y)=y$ ê°€ ë˜ì–´ ìœ„ì˜ ì‹ì€
                                                  
You may provide a definition with
\DeclareUnicodeCharacter 


! Package inputenc Error: Unicode character ì™€ (U+C640)
(inputenc)                not set up for use with LaTeX.

See the inputenc package documentation for explanation.
Type  H <return>  for immediate help.
 ...                                              
                                                  
l.590 ì™€
          ê°™ì´ ì •ë¦¬ëœë‹¤. ë”°ë¼ì„œ $\boldsymbol{\beta}_ n = ({\bf X}'{...

You may provide a definition with
\DeclareUnicodeCharacter 


! Package inputenc Error: Unicode character ê°™ (U+AC19)
(inputenc)                not set up for use with LaTeX.

See the inputenc package documentation for explanation.
Type  H <return>  for immediate help.
 ...                                              
                                                  
l.590 ì™€ ê°™
             ì´ ì •ë¦¬ëœë‹¤. ë”°ë¼ì„œ $\boldsymbol{\beta}_ n = ({\bf X}'{...

You may provide a definition with
\DeclareUnicodeCharacter 


! Package inputenc Error: Unicode character ì´ (U+C774)
(inputenc)                not set up for use with LaTeX.

See the inputenc package documentation for explanation.
Type  H <return>  for immediate help.
 ...                                              
                                                  
l.590 ì™€ ê°™ì´
                 ì •ë¦¬ëœë‹¤. ë”°ë¼ì„œ $\boldsymbol{\beta}_ n = ({\bf X}'{...

You may provide a definition with
\DeclareUnicodeCharacter 


! Package inputenc Error: Unicode character ì • (U+C815)
(inputenc)                not set up for use with LaTeX.

See the inputenc package documentation for explanation.
Type  H <return>  for immediate help.
 ...                                              
                                                  
l.590 ì™€ ê°™ì´ ì •
                    ë¦¬ëœë‹¤. ë”°ë¼ì„œ $\boldsymbol{\beta}_ n = ({\bf X}'{...

You may provide a definition with
\DeclareUnicodeCharacter 


! Package inputenc Error: Unicode character ë¦¬ (U+B9AC)
(inputenc)                not set up for use with LaTeX.

See the inputenc package documentation for explanation.
Type  H <return>  for immediate help.
 ...                                              
                                                  
l.590 ì™€ ê°™ì´ ì •ë¦¬
                       ëœë‹¤. ë”°ë¼ì„œ $\boldsymbol{\beta}_ n = ({\bf X}'{...

You may provide a definition with
\DeclareUnicodeCharacter 


! Package inputenc Error: Unicode character ëœ (U+B41C)
(inputenc)                not set up for use with LaTeX.

See the inputenc package documentation for explanation.
Type  H <return>  for immediate help.
 ...                                              
                                                  
l.590 ì™€ ê°™ì´ ì •ë¦¬ëœ
                          ë‹¤. ë”°ë¼ì„œ $\boldsymbol{\beta}_ n = ({\bf X}'{...
(That makes 100 errors; please try again.) 
Here is how much of TeX's memory you used:
 4565 strings out of 492616
 65597 string characters out of 6129481
 138350 words of memory out of 5000000
 8393 multiletter control sequences out of 15000+600000
 17392 words of font info for 65 fonts, out of 8000000 for 9000
 1141 hyphenation exceptions out of 8191
 44i,13n,42p,1539b,309s stack positions out of 5000i,500n,10000p,200000b,80000s

!  ==> Fatal error occurred, no output PDF file produced!
